<?xml version="1.0" encoding="UTF-8"?>
<!-- Generated by org.testng.reporters.JUnitReportReporter -->
<testsuite hostname="QSINBNB342" failures="0" tests="1" name="RahulAcademy.ExtentReports.ExtentReportDemo" time="9.102" errors="0" timestamp="2023-03-29T22:40:47 IST" skipped="0">
  <testcase classname="RahulAcademy.ExtentReports.ExtentReportDemo" name="initialDemo" time="9.102"/>
  <system-out/>
</testsuite> <!-- RahulAcademy.ExtentReports.ExtentReportDemo -->
